yarn run v1.22.22
$ next build
   ▲ Next.js 16.0.1 (Turbopack)
   - Environments: .env

   Creating an optimized production build ...
 ✓ Compiled successfully in 3.3s
   Running TypeScript ...
Failed to compile.

./app/dashboard/page.tsx:115:13
Type error: Property 'currentUser' is missing in type '{ users: UserAggregate[]; }' but required in type 'AdminDashboardProps'.

[0m [90m 113 |[39m     }))[33m;[39m
 [90m 114 |[39m
[31m[1m>[22m[39m[90m 115 |[39m     [36mreturn[39m [33m<[39m[33mAdminDashboard[39m users[33m=[39m{rows} [33m/[39m[33m>[39m[33m;[39m
 [90m     |[39m             [31m[1m^[22m[39m
 [90m 116 |[39m   }
 [90m 117 |[39m
 [90m 118 |[39m   [90m// Otherwise, show employee dashboard[39m[0m
Next.js build worker exited with code: 1 and signal: null
error Command failed with exit code 1.
info Visit https://yarnpkg.com/en/docs/cli/run for documentation about this command.
